2024-05-18 00:35:53,647 - MyLogger - INFO - 
@@@@@@@@@@@@@@@@@@@@@@@@@@@@@@@@@@@@@@@@@@@@@@@@@@@@@@@@@@@@@@@@@@@@@@@@@@@@@@@@@@@@@@@@@@@@@@@@@@@@@@@@
                                This function is to Debug

2024-05-18 00:35:53,647 - MyLogger - INFO - ------------------ Single head attention -----------------
2024-05-18 00:35:56,084 - MyLogger - INFO - ------------------ Multi head attention -----------------
2024-05-18 00:35:56,225 - MyLogger - INFO - ------------------ Pointwise FNN -------------------
2024-05-18 00:35:56,647 - MyLogger - INFO - ------------------ Positional Encoding -------------------
2024-05-18 00:39:26,826 - MyLogger - INFO - ------------------ Padding mask -------------------
2024-05-18 00:39:27,095 - MyLogger - INFO - ------------------ Encoder -------------------
2024-05-18 00:39:31,064 - MyLogger - INFO - ------------------ Decoder -------------------
2024-05-18 00:40:13,205 - MyLogger - INFO - 
@@@@@@@@@@@@@@@@@@@@@@@@@@@@@@@@@@@@@@@@@@@@@@@@@@@@@@@@@@@@@@@@@@@@@@@@@@@@@@@@@@@@@@@@@@@@@@@@@@@@@@@@
                                This function is to Debug

2024-05-18 00:40:13,205 - MyLogger - DEBUG - 
@@@@@@@@@@@@@@@@@@@@@@@@@@@@@@@@@@@@@@@@@@@@@@@@@@@@@@@@@@@@@@@@@@@@@@@@@@@@@@@@@@@@@@@@@@@@@@@@@@@@@@@@@@@@@@@@@@@@@@@@@@@@@@@@@@@@@

                                      This function is to Debug

2024-05-18 00:40:13,205 - MyLogger - INFO - ------------------ Single head attention -----------------
2024-05-18 00:40:13,205 - MyLogger - DEBUG - 
------------------------------------- Single head attention --------------------------------------------

2024-05-18 00:40:14,408 - MyLogger - DEBUG - (16, 9, 128)
2024-05-18 00:40:14,408 - MyLogger - INFO - ------------------ Multi head attention -----------------
2024-05-18 00:40:14,408 - MyLogger - DEBUG - 
------------------------------------ Multi head attention ------------------------------------------------

2024-05-18 00:40:14,502 - MyLogger - DEBUG - (16, 9, 512)
2024-05-18 00:40:14,502 - MyLogger - INFO - ------------------ Pointwise FNN -------------------
2024-05-18 00:40:14,502 - MyLogger - DEBUG - 
------------------------------------ Pointwise FNN --------------------------------------------------

2024-05-18 00:40:14,627 - MyLogger - DEBUG - (16, 9, 64)
2024-05-18 00:40:14,627 - MyLogger - INFO - ------------------ Positional Encoding -------------------
2024-05-18 00:40:14,627 - MyLogger - DEBUG - 
------------------------------------ Positional Encoding --------------------------------------------------

2024-05-18 00:40:18,752 - MyLogger - DEBUG - (1, 50, 512)
2024-05-18 00:40:20,533 - MyLogger - INFO - ------------------ Padding mask -------------------
2024-05-18 00:40:20,548 - MyLogger - DEBUG - 
------------------------------------ Padding mask --------------------------------------------------

2024-05-18 00:40:20,583 - MyLogger - DEBUG - tf.Tensor(
[[[1. 1. 0. 0. 1.]]

 [[1. 1. 1. 0. 0.]]

 [[0. 0. 0. 1. 1.]]], shape=(3, 1, 5), dtype=float32)
2024-05-18 00:40:20,599 - MyLogger - DEBUG - tf.Tensor(
[[[1. 0. 0.]
  [1. 1. 0.]
  [1. 1. 1.]]], shape=(1, 3, 3), dtype=float32)
2024-05-18 00:40:20,614 - MyLogger - INFO - ------------------ Encoder -------------------
2024-05-18 00:40:20,614 - MyLogger - DEBUG - 
------------------------------------ Encoder --------------------------------------------------

2024-05-18 00:40:21,224 - MyLogger - DEBUG - (43, 27, 512)
2024-05-18 00:40:23,989 - MyLogger - DEBUG - (43, 27, 512)
2024-05-18 00:40:23,989 - MyLogger - INFO - ------------------ Decoder -------------------
2024-05-18 00:40:23,989 - MyLogger - DEBUG - 
------------------------------------ Decoder --------------------------------------------------

2024-05-18 00:40:25,021 - MyLogger - DEBUG - (43, 57, 512)
2024-05-18 00:40:30,927 - MyLogger - DEBUG - (43, 57, 512)
2024-05-18 00:40:30,927 - MyLogger - DEBUG - 
------------------------------------ Decoder --------------------------------------------------

2024-05-18 00:40:36,958 - MyLogger - DEBUG - (3, 29, 11)
2024-05-18 00:44:41,370 - appLog - INFO - 
@@@@@@@@@@@@@@@@@@@@@@@@@@@@@@@@@@@@@@@@@@@@@@@@@@@@@@@@@@@@@@@@@@@@@@@@@@@@@@@@@@@@@@@@@@@@@@@@@@@@@@@@
                                This function is to Debug

2024-05-18 00:44:41,370 - appLog - DEBUG - 
------------------------------------- Single head attention --------------------------------------------

2024-05-18 00:44:42,526 - appLog - DEBUG - (16, 9, 128)
2024-05-18 00:44:42,526 - appLog - INFO - ------------------ Multi head attention -----------------
2024-05-18 00:44:42,542 - appLog - DEBUG - 
------------------------------------ Multi head attention ------------------------------------------------

2024-05-18 00:44:42,605 - appLog - DEBUG - (16, 9, 512)
2024-05-18 00:44:42,605 - appLog - INFO - ------------------ Pointwise FNN -------------------
2024-05-18 00:44:42,605 - appLog - DEBUG - 
------------------------------------ Pointwise FNN --------------------------------------------------

2024-05-18 00:44:42,714 - appLog - DEBUG - (16, 9, 64)
2024-05-18 00:44:42,714 - appLog - INFO - ------------------ Positional Encoding -------------------
2024-05-18 00:44:42,714 - appLog - DEBUG - 
------------------------------------ Positional Encoding --------------------------------------------------

2024-05-18 00:44:47,589 - appLog - DEBUG - (1, 50, 512)
2024-05-18 00:44:48,714 - appLog - INFO - ------------------ Padding mask -------------------
2024-05-18 00:44:48,730 - appLog - DEBUG - 
------------------------------------ Padding mask --------------------------------------------------

2024-05-18 00:44:48,761 - appLog - DEBUG - tf.Tensor(
[[[1. 1. 0. 0. 1.]]

 [[1. 1. 1. 0. 0.]]

 [[0. 0. 0. 1. 1.]]], shape=(3, 1, 5), dtype=float32)
2024-05-18 00:44:48,776 - appLog - DEBUG - tf.Tensor(
[[[1. 0. 0.]
  [1. 1. 0.]
  [1. 1. 1.]]], shape=(1, 3, 3), dtype=float32)
2024-05-18 00:44:48,776 - appLog - INFO - ------------------ Encoder -------------------
2024-05-18 00:44:48,776 - appLog - DEBUG - 
------------------------------------ Encoder --------------------------------------------------

2024-05-18 00:44:49,355 - appLog - DEBUG - (43, 27, 512)
2024-05-18 00:44:52,136 - appLog - DEBUG - (43, 27, 512)
2024-05-18 00:44:52,136 - appLog - INFO - ------------------ Decoder -------------------
2024-05-18 00:44:52,136 - appLog - DEBUG - 
------------------------------------ Decoder --------------------------------------------------

2024-05-18 00:44:53,151 - appLog - DEBUG - (43, 57, 512)
2024-05-18 00:44:58,901 - appLog - DEBUG - (43, 57, 512)
2024-05-18 00:44:58,901 - appLog - DEBUG - 
------------------------------------ Decoder --------------------------------------------------

2024-05-18 00:45:05,073 - appLog - DEBUG - (3, 29, 11)
2024-05-18 00:47:32,056 - appLog - DEBUG - ----------- Single head attention -----------
2024-05-18 00:47:33,212 - appLog - DEBUG - (16, 9, 128)
2024-05-18 00:47:33,212 - appLog - INFO - ----------- Multi head attention -----------
2024-05-18 00:47:33,212 - appLog - DEBUG - 
------------------------------------ Multi head attention ------------------------------------------------

2024-05-18 00:47:33,291 - appLog - DEBUG - (16, 9, 512)
2024-05-18 00:47:33,291 - appLog - INFO - ------------------ Pointwise FNN -------------------
2024-05-18 00:47:33,291 - appLog - DEBUG - 
------------------------------------ Pointwise FNN --------------------------------------------------

2024-05-18 00:47:33,400 - appLog - DEBUG - (16, 9, 64)
2024-05-18 00:47:33,400 - appLog - INFO - ------------------ Positional Encoding -------------------
2024-05-18 00:47:33,400 - appLog - DEBUG - 
------------------------------------ Positional Encoding --------------------------------------------------

2024-05-18 00:47:38,163 - appLog - DEBUG - (1, 50, 512)
2024-05-18 00:47:41,568 - appLog - INFO - ------------------ Padding mask -------------------
2024-05-18 00:47:41,599 - appLog - DEBUG - 
------------------------------------ Padding mask --------------------------------------------------

2024-05-18 00:47:41,631 - appLog - DEBUG - tf.Tensor(
[[[1. 1. 0. 0. 1.]]

 [[1. 1. 1. 0. 0.]]

 [[0. 0. 0. 1. 1.]]], shape=(3, 1, 5), dtype=float32)
2024-05-18 00:47:41,646 - appLog - DEBUG - tf.Tensor(
[[[1. 0. 0.]
  [1. 1. 0.]
  [1. 1. 1.]]], shape=(1, 3, 3), dtype=float32)
2024-05-18 00:47:41,646 - appLog - INFO - ------------------ Encoder -------------------
2024-05-18 00:47:41,646 - appLog - DEBUG - 
------------------------------------ Encoder --------------------------------------------------

2024-05-18 00:47:42,240 - appLog - DEBUG - (43, 27, 512)
2024-05-18 00:47:44,959 - appLog - DEBUG - (43, 27, 512)
2024-05-18 00:47:44,959 - appLog - INFO - ------------------ Decoder -------------------
2024-05-18 00:47:44,959 - appLog - DEBUG - 
------------------------------------ Decoder --------------------------------------------------

2024-05-18 00:47:45,974 - appLog - DEBUG - (43, 57, 512)
2024-05-18 00:47:51,740 - appLog - DEBUG - (43, 57, 512)
2024-05-18 00:47:51,740 - appLog - DEBUG - 
------------------------------------ Decoder --------------------------------------------------

2024-05-18 00:47:57,849 - appLog - DEBUG - (3, 29, 11)
2024-05-18 00:52:22,665 - appLog - INFO - ----------- Single head attention -----------
2024-05-18 00:52:22,665 - appLog - INFO - (16, 9, 128)
2024-05-18 00:52:22,665 - appLog - INFO - ----------- Multi head attention -----------
2024-05-18 00:52:22,744 - appLog - INFO - (16, 9, 512)
2024-05-18 00:52:22,744 - appLog - INFO - ----------- Pointwise FNN -----------
2024-05-18 00:52:22,869 - appLog - INFO - (16, 9, 64)
2024-05-18 00:52:22,869 - appLog - INFO - ----------- Positional Encoding -----------
2024-05-18 00:52:26,994 - appLog - INFO - (1, 50, 512)
2024-05-18 00:52:28,462 - appLog - INFO - ----------- Padding mask -----------
2024-05-18 00:52:28,494 - appLog - INFO - tf.Tensor(
[[[1. 1. 0. 0. 1.]]

 [[1. 1. 1. 0. 0.]]

 [[0. 0. 0. 1. 1.]]], shape=(3, 1, 5), dtype=float32)
2024-05-18 00:52:28,509 - appLog - INFO - tf.Tensor(
[[[1. 0. 0.]
  [1. 1. 0.]
  [1. 1. 1.]]], shape=(1, 3, 3), dtype=float32)
2024-05-18 00:52:28,525 - appLog - INFO - ----------- Encoder -----------
2024-05-18 00:52:29,165 - appLog - INFO - (43, 27, 512)
2024-05-18 00:52:31,962 - appLog - INFO - (43, 27, 512)
2024-05-18 00:52:31,962 - appLog - INFO - ----------- Decoder -----------
2024-05-18 00:52:33,040 - appLog - INFO - (43, 57, 512)
2024-05-18 00:52:38,978 - appLog - INFO - (43, 57, 512)
2024-05-18 00:52:38,994 - appLog - INFO - ----------- Decoder -----------
2024-05-18 00:52:48,994 - appLog - INFO - (3, 29, 11)
2024-05-18 00:54:32,162 - appLog - INFO - ----------- Single head attention -----------
2024-05-18 00:54:32,162 - appLog - INFO - (16, 9, 128)
2024-05-18 00:54:32,162 - appLog - INFO - ----------- Multi head attention -----------
2024-05-18 00:54:32,240 - appLog - INFO - (16, 9, 512)
2024-05-18 00:54:32,240 - appLog - INFO - ----------- Pointwise FNN -----------
2024-05-18 00:54:32,365 - appLog - INFO - (16, 9, 64)
2024-05-18 00:54:32,365 - appLog - INFO - ----------- Positional Encoding -----------
2024-05-18 00:54:37,162 - appLog - INFO - (1, 50, 512)
2024-05-18 00:54:40,858 - appLog - INFO - ----------- Padding mask -----------
2024-05-18 00:54:40,875 - appLog - INFO - tf.Tensor(
[[[1. 1. 0. 0. 1.]]

 [[1. 1. 1. 0. 0.]]

 [[0. 0. 0. 1. 1.]]], shape=(3, 1, 5), dtype=float32)
2024-05-18 00:54:40,890 - appLog - INFO - tf.Tensor(
[[[1. 0. 0.]
  [1. 1. 0.]
  [1. 1. 1.]]], shape=(1, 3, 3), dtype=float32)
2024-05-18 00:54:40,906 - appLog - INFO - ----------- Encoder -----------
2024-05-18 00:54:41,484 - appLog - INFO - (43, 27, 512)
2024-05-18 00:54:44,468 - appLog - INFO - (43, 27, 512)
2024-05-18 00:54:44,468 - appLog - INFO - ----------- Decoder -----------
2024-05-18 00:54:45,562 - appLog - INFO - (43, 57, 512)
2024-05-18 00:54:51,672 - appLog - INFO - (43, 57, 512)
2024-05-18 00:54:51,672 - appLog - INFO - ----------- Decoder -----------
2024-05-18 00:54:55,155 - appLog - INFO - (3, 29, 11)
2024-05-18 00:55:27,860 - appLog - INFO - ----------- Single head attention -----------
2024-05-18 00:55:27,860 - appLog - INFO - (16, 9, 128)
2024-05-18 00:55:27,876 - appLog - INFO - ----------- Multi head attention -----------
2024-05-18 00:55:27,970 - appLog - INFO - (16, 9, 512)
2024-05-18 00:55:27,970 - appLog - INFO - ----------- Pointwise FNN -----------
2024-05-18 00:55:28,095 - appLog - INFO - (16, 9, 64)
2024-05-18 00:55:28,095 - appLog - INFO - ----------- Positional Encoding -----------
2024-05-18 00:55:31,191 - appLog - INFO - (1, 50, 512)
2024-05-18 00:55:32,234 - appLog - INFO - ----------- Padding mask -----------
2024-05-18 00:55:32,249 - appLog - INFO - tf.Tensor(
[[[1. 1. 0. 0. 1.]]

 [[1. 1. 1. 0. 0.]]

 [[0. 0. 0. 1. 1.]]], shape=(3, 1, 5), dtype=float32)
2024-05-18 00:55:32,280 - appLog - INFO - tf.Tensor(
[[[1. 0. 0.]
  [1. 1. 0.]
  [1. 1. 1.]]], shape=(1, 3, 3), dtype=float32)
2024-05-18 00:55:32,280 - appLog - INFO - ----------- Encoder -----------
2024-05-18 00:55:32,858 - appLog - INFO - (43, 27, 512)
2024-05-18 00:55:35,686 - appLog - INFO - (43, 27, 512)
2024-05-18 00:55:35,686 - appLog - INFO - ----------- Decoder -----------
2024-05-18 00:55:36,764 - appLog - INFO - (43, 57, 512)
2024-05-18 00:55:42,670 - appLog - INFO - (43, 57, 512)
2024-05-18 00:55:42,670 - appLog - INFO - ----------- Decoder -----------
2024-05-18 00:55:46,624 - appLog - INFO - (3, 29, 11)
2024-05-18 01:00:04,346 - appLog - INFO - ----------- Single head attention -----------
2024-05-18 01:00:04,346 - appLog - INFO - Query shape:(16, 9, 64), Key shape:(16, 9, 64) & Value shape:(16, 9, 128)
2024-05-18 01:00:04,346 - appLog - INFO - (16, 9, 128)
2024-05-18 01:00:04,346 - appLog - INFO - ----------- Multi head attention -----------
2024-05-18 01:00:04,424 - appLog - INFO - (16, 9, 512)
2024-05-18 01:00:04,424 - appLog - INFO - ----------- Pointwise FNN -----------
2024-05-18 01:00:04,533 - appLog - INFO - (16, 9, 64)
2024-05-18 01:00:04,533 - appLog - INFO - ----------- Positional Encoding -----------
2024-05-18 01:00:07,185 - appLog - INFO - (1, 50, 512)
2024-05-18 01:00:08,123 - appLog - INFO - ----------- Padding mask -----------
2024-05-18 01:00:08,154 - appLog - INFO - tf.Tensor(
[[[1. 1. 0. 0. 1.]]

 [[1. 1. 1. 0. 0.]]

 [[0. 0. 0. 1. 1.]]], shape=(3, 1, 5), dtype=float32)
2024-05-18 01:00:08,186 - appLog - INFO - tf.Tensor(
[[[1. 0. 0.]
  [1. 1. 0.]
  [1. 1. 1.]]], shape=(1, 3, 3), dtype=float32)
2024-05-18 01:00:08,201 - appLog - INFO - ----------- Encoder -----------
2024-05-18 01:00:08,779 - appLog - INFO - (43, 27, 512)
2024-05-18 01:00:11,451 - appLog - INFO - (43, 27, 512)
2024-05-18 01:00:11,451 - appLog - INFO - ----------- Decoder -----------
2024-05-18 01:00:12,498 - appLog - INFO - (43, 57, 512)
2024-05-18 01:00:18,295 - appLog - INFO - (43, 57, 512)
2024-05-18 01:00:18,295 - appLog - INFO - ----------- Decoder -----------
2024-05-18 01:00:21,279 - appLog - INFO - (3, 29, 11)
2024-05-18 01:01:12,567 - appLog - INFO - ----------- Single head attention -----------
2024-05-18 01:01:12,582 - appLog - INFO - Shape of Query:(16, 9, 64), Key:(16, 9, 64) & Value:(16, 9, 128)
2024-05-18 01:01:12,582 - appLog - INFO - (16, 9, 128)
2024-05-18 01:01:12,582 - appLog - INFO - ----------- Multi head attention -----------
2024-05-18 01:01:12,660 - appLog - INFO - (16, 9, 512)
2024-05-18 01:01:12,660 - appLog - INFO - ----------- Pointwise FNN -----------
2024-05-18 01:01:12,770 - appLog - INFO - (16, 9, 64)
2024-05-18 01:01:12,770 - appLog - INFO - ----------- Positional Encoding -----------
2024-05-18 01:01:15,801 - appLog - INFO - (1, 50, 512)
2024-05-18 01:01:16,692 - appLog - INFO - ----------- Padding mask -----------
2024-05-18 01:01:16,735 - appLog - INFO - tf.Tensor(
[[[1. 1. 0. 0. 1.]]

 [[1. 1. 1. 0. 0.]]

 [[0. 0. 0. 1. 1.]]], shape=(3, 1, 5), dtype=float32)
2024-05-18 01:01:16,766 - appLog - INFO - tf.Tensor(
[[[1. 0. 0.]
  [1. 1. 0.]
  [1. 1. 1.]]], shape=(1, 3, 3), dtype=float32)
2024-05-18 01:01:16,766 - appLog - INFO - ----------- Encoder -----------
2024-05-18 01:01:17,360 - appLog - INFO - (43, 27, 512)
2024-05-18 01:01:20,110 - appLog - INFO - (43, 27, 512)
2024-05-18 01:01:20,110 - appLog - INFO - ----------- Decoder -----------
2024-05-18 01:01:21,141 - appLog - INFO - (43, 57, 512)
2024-05-18 01:01:26,938 - appLog - INFO - (43, 57, 512)
2024-05-18 01:01:26,938 - appLog - INFO - ----------- Decoder -----------
2024-05-18 01:01:30,001 - appLog - INFO - (3, 29, 11)
2024-05-18 01:04:43,599 - appLog - INFO - ----------- Single head attention -----------
2024-05-18 01:04:43,599 - appLog - INFO - Shape of Query:(16, 9, 64), Key:(16, 9, 64) & Value:(16, 9, 128)
2024-05-18 01:04:43,599 - appLog - INFO - Shape of Attention:(16, 9, 128)
2024-05-18 01:04:43,599 - appLog - INFO - ----------- Multi head attention -----------
2024-05-18 01:04:43,678 - appLog - INFO - (16, 9, 512)
2024-05-18 01:04:43,678 - appLog - INFO - ----------- Pointwise FNN -----------
2024-05-18 01:04:43,803 - appLog - INFO - (16, 9, 64)
2024-05-18 01:04:43,803 - appLog - INFO - ----------- Positional Encoding -----------
2024-05-18 01:04:46,858 - appLog - INFO - (1, 50, 512)
2024-05-18 01:04:47,850 - appLog - INFO - ----------- Padding mask -----------
2024-05-18 01:10:00,038 - appLog - INFO - tf.Tensor(
[[[1. 1. 0. 0. 1.]]

 [[1. 1. 1. 0. 0.]]

 [[0. 0. 0. 1. 1.]]], shape=(3, 1, 5), dtype=float32)
2024-05-18 01:10:00,069 - appLog - INFO - tf.Tensor(
[[[1. 0. 0.]
  [1. 1. 0.]
  [1. 1. 1.]]], shape=(1, 3, 3), dtype=float32)
2024-05-18 01:10:00,069 - appLog - INFO - ----------- Encoder -----------
2024-05-18 01:10:00,600 - appLog - INFO - (43, 27, 512)
2024-05-18 01:10:03,303 - appLog - INFO - (43, 27, 512)
2024-05-18 01:10:03,303 - appLog - INFO - ----------- Decoder -----------
2024-05-18 01:10:04,334 - appLog - INFO - (43, 57, 512)
2024-05-18 01:10:10,084 - appLog - INFO - (43, 57, 512)
2024-05-18 01:10:10,084 - appLog - INFO - ----------- Decoder -----------
2024-05-18 01:10:13,084 - appLog - INFO - (3, 29, 11)
2024-05-18 01:10:36,855 - appLog - INFO - ----------- Single head attention -----------
2024-05-18 01:10:36,855 - appLog - INFO - Shape of Query: (16, 9, 64), Key: (16, 9, 64) & Value: (16, 9, 128)
2024-05-18 01:10:36,855 - appLog - INFO - Shape of Attention: (16, 9, 128)
2024-05-18 01:10:36,855 - appLog - INFO - ----------- Multi head attention -----------
2024-05-18 01:10:36,901 - appLog - INFO - Number of heads: 8, embedding dimension512, depth of Query:64, Key:64 and Value:32
2024-05-18 01:10:36,933 - appLog - INFO - Shape of Multi Head Attention: (16, 9, 512)
2024-05-18 01:10:36,933 - appLog - INFO - ----------- Pointwise FNN -----------
2024-05-18 01:10:37,042 - appLog - INFO - (16, 9, 64)
2024-05-18 01:10:37,042 - appLog - INFO - ----------- Positional Encoding -----------
2024-05-18 01:10:40,808 - appLog - INFO - (1, 50, 512)
2024-05-18 01:10:41,618 - appLog - INFO - ----------- Padding mask -----------
2024-05-18 01:10:41,641 - appLog - INFO - tf.Tensor(
[[[1. 1. 0. 0. 1.]]

 [[1. 1. 1. 0. 0.]]

 [[0. 0. 0. 1. 1.]]], shape=(3, 1, 5), dtype=float32)
2024-05-18 01:10:41,673 - appLog - INFO - tf.Tensor(
[[[1. 0. 0.]
  [1. 1. 0.]
  [1. 1. 1.]]], shape=(1, 3, 3), dtype=float32)
2024-05-18 01:10:41,673 - appLog - INFO - ----------- Encoder -----------
2024-05-18 01:10:42,235 - appLog - INFO - (43, 27, 512)
2024-05-18 01:10:44,938 - appLog - INFO - (43, 27, 512)
2024-05-18 01:10:44,938 - appLog - INFO - ----------- Decoder -----------
2024-05-18 01:10:45,985 - appLog - INFO - (43, 57, 512)
2024-05-18 01:10:51,751 - appLog - INFO - (43, 57, 512)
2024-05-18 01:10:51,751 - appLog - INFO - ----------- Decoder -----------
2024-05-18 01:10:54,735 - appLog - INFO - (3, 29, 11)
2024-05-18 01:24:00,971 - appLog - INFO - ----------- Single head attention -----------
2024-05-18 01:24:00,971 - appLog - INFO - Shape of Query: (16, 9, 64), Key: (16, 9, 64) & Value: (16, 9, 128)
2024-05-18 01:24:00,986 - appLog - INFO - Shape of Attention: (16, 9, 128)
2024-05-18 01:24:00,986 - appLog - INFO - ----------- Multi head attention -----------
2024-05-18 01:24:01,018 - appLog - INFO - Number of heads:8, embedding dimension:512, depth of Query:64, Key:64 and Value:32
2024-05-18 01:24:01,065 - appLog - INFO - Shape of Multi Head Attention: (16, 9, 512)
2024-05-18 01:24:01,065 - appLog - INFO - ----------- Pointwise FNN -----------
2024-05-18 01:24:01,065 - appLog - INFO - Embedding Dimension:64,Hidden Layer Dimension:2048
2024-05-18 01:24:01,174 - appLog - INFO - With Batch Size:16 and Tv :9; FNN_Layer output:(16, 9, 64)
2024-05-18 01:24:01,174 - appLog - INFO - ----------- Positional Encoding -----------
2024-05-18 01:25:12,394 - appLog - INFO - Positional Encoding (1, 50, 512) with 50 Positions & Depth:512
2024-05-18 01:25:12,394 - appLog - INFO - ----------- Padding mask -----------
2024-05-18 01:25:12,426 - appLog - INFO - tf.Tensor(
[[[1. 1. 0. 0. 1.]]

 [[1. 1. 1. 0. 0.]]

 [[0. 0. 0. 1. 1.]]], shape=(3, 1, 5), dtype=float32)
2024-05-18 01:25:12,457 - appLog - INFO - tf.Tensor(
[[[1. 0. 0.]
  [1. 1. 0.]
  [1. 1. 1.]]], shape=(1, 3, 3), dtype=float32)
2024-05-18 01:25:12,457 - appLog - INFO - ----------- Encoder -----------
2024-05-18 01:25:13,051 - appLog - INFO - (43, 27, 512)
2024-05-18 01:25:15,676 - appLog - INFO - (43, 27, 512)
2024-05-18 01:25:15,676 - appLog - INFO - ----------- Decoder -----------
2024-05-18 01:25:16,707 - appLog - INFO - (43, 57, 512)
2024-05-18 01:25:22,394 - appLog - INFO - (43, 57, 512)
2024-05-18 01:25:22,394 - appLog - INFO - ----------- Decoder -----------
2024-05-18 01:25:25,332 - appLog - INFO - (3, 29, 11)
2024-05-18 01:26:20,871 - appLog - INFO - ----------- Single head attention -----------
2024-05-18 01:26:20,886 - appLog - INFO - Shape of Query: (16, 9, 64), Key: (16, 9, 64) & Value: (16, 9, 128)
2024-05-18 01:26:20,886 - appLog - INFO - Shape of Attention: (16, 9, 128)
2024-05-18 01:26:20,886 - appLog - INFO - ----------- Multi head attention -----------
2024-05-18 01:26:20,933 - appLog - INFO - Number of heads:8, embedding dimension:512, depth of Query:64, Key:64 and Value:32
2024-05-18 01:26:20,965 - appLog - INFO - Shape of Multi Head Attention: (16, 9, 512)
2024-05-18 01:26:20,965 - appLog - INFO - ----------- Pointwise FNN -----------
2024-05-18 01:26:20,965 - appLog - INFO - Embedding Dimension:64,Hidden Layer Dimension:2048
2024-05-18 01:26:21,090 - appLog - INFO - With Batch Size:16 and Tv :9; FNN_Layer output:(16, 9, 64)
2024-05-18 01:26:21,090 - appLog - INFO - ----------- Positional Encoding -----------
2024-05-18 01:28:16,657 - appLog - INFO - Positional Encoding (1, 50, 512) with 50 Positions & Depth:512
2024-05-18 01:28:16,688 - appLog - INFO - ----------- Padding mask -----------
2024-05-18 01:28:16,751 - appLog - INFO - tf.Tensor(
[[[1. 1. 0. 0. 1.]]

 [[1. 1. 1. 0. 0.]]

 [[0. 0. 0. 1. 1.]]], shape=(3, 1, 5), dtype=float32)
2024-05-18 01:28:16,766 - appLog - INFO - tf.Tensor(
[[[1. 0. 0.]
  [1. 1. 0.]
  [1. 1. 1.]]], shape=(1, 3, 3), dtype=float32)
2024-05-18 01:28:16,766 - appLog - INFO - ----------- Encoder -----------
2024-05-18 01:28:17,329 - appLog - INFO - (43, 27, 512)
2024-05-18 01:28:20,032 - appLog - INFO - (43, 27, 512)
2024-05-18 01:28:20,032 - appLog - INFO - ----------- Decoder -----------
2024-05-18 01:28:21,047 - appLog - INFO - (43, 57, 512)
2024-05-18 01:28:26,782 - appLog - INFO - (43, 57, 512)
2024-05-18 01:28:26,797 - appLog - INFO - ----------- TransFormer -----------
2024-05-18 01:28:29,813 - appLog - INFO - (3, 29, 11)
2024-05-18 01:31:32,933 - appLog - INFO - ----------- Single head attention -----------
2024-05-18 01:31:32,940 - appLog - INFO - Shape of Query: (16, 9, 64), Key: (16, 9, 64) & Value: (16, 9, 128)
2024-05-18 01:31:32,944 - appLog - INFO - Shape of Attention: (16, 9, 128)
2024-05-18 01:31:32,945 - appLog - INFO - ----------- Multi head attention -----------
2024-05-18 01:31:33,006 - appLog - INFO - Number of heads:8, embedding dimension:512, depth of Query:64, Key:64 and Value:32
2024-05-18 01:31:33,056 - appLog - INFO - Shape of Multi Head Attention: (16, 9, 512)
2024-05-18 01:31:33,058 - appLog - INFO - ----------- Pointwise FNN -----------
2024-05-18 01:31:33,062 - appLog - INFO - Embedding Dimension:64,Hidden Layer Dimension:2048
2024-05-18 01:31:33,189 - appLog - INFO - With Batch Size:16 and Tv :9; FNN_Layer output:(16, 9, 64)
2024-05-18 01:31:33,189 - appLog - INFO - ----------- Positional Encoding -----------
2024-05-18 01:31:52,752 - appLog - INFO - Positional Encoding (1, 50, 512) with 50 Positions & Depth:512
2024-05-18 01:31:52,756 - appLog - INFO - ----------- Padding mask -----------
2024-05-18 01:31:52,789 - appLog - INFO - tf.Tensor(
[[[1. 1. 0. 0. 1.]]

 [[1. 1. 1. 0. 0.]]

 [[0. 0. 0. 1. 1.]]], shape=(3, 1, 5), dtype=float32)
2024-05-18 01:31:52,816 - appLog - INFO - tf.Tensor(
[[[1. 0. 0.]
  [1. 1. 0.]
  [1. 1. 1.]]], shape=(1, 3, 3), dtype=float32)
2024-05-18 01:31:52,824 - appLog - INFO - ----------- Encoder -----------
2024-05-18 01:31:53,540 - appLog - INFO - (43, 27, 512)
2024-05-18 01:31:56,387 - appLog - INFO - (43, 27, 512)
2024-05-18 01:31:56,387 - appLog - INFO - ----------- Decoder -----------
2024-05-18 01:31:57,472 - appLog - INFO - (43, 57, 512)
2024-05-18 01:32:03,294 - appLog - INFO - (43, 57, 512)
2024-05-18 01:32:03,294 - appLog - INFO - ----------- TransFormer -----------
2024-05-18 01:32:07,342 - appLog - INFO - (3, 29, 11)
2024-05-19 18:47:50,256 - appLog - INFO - ----------- Single head attention -----------
2024-05-19 18:47:50,292 - appLog - INFO - Shape of Query: (16, 9, 64), Key: (16, 9, 64) & Value: (16, 9, 128)
2024-05-19 18:47:50,308 - appLog - INFO - Shape of Attention: (16, 9, 128)
2024-05-19 18:47:50,308 - appLog - INFO - ----------- Multi head attention -----------
2024-05-19 18:47:50,388 - appLog - INFO - Number of heads:8, embedding dimension:512, depth of Query:64, Key:64 and Value:32
2024-05-19 18:47:50,484 - appLog - INFO - Shape of Multi Head Attention: (16, 9, 512)
2024-05-19 18:47:50,484 - appLog - INFO - ----------- Pointwise FNN -----------
2024-05-19 18:47:50,548 - appLog - INFO - Embedding Dimension:64,Hidden Layer Dimension:2048
2024-05-19 18:47:51,003 - appLog - INFO - With Batch Size:16 and Tv :9; FNN_Layer output:(16, 9, 64)
2024-05-19 18:47:51,003 - appLog - INFO - ----------- Positional Encoding -----------
2024-05-19 18:49:08,717 - appLog - INFO - Positional Encoding (1, 50, 512) with 50 Positions & Depth:512
2024-05-19 18:49:08,829 - appLog - INFO - ----------- Padding mask -----------
2024-05-19 18:49:08,975 - appLog - INFO - tf.Tensor(
[[[1. 1. 0. 0. 1.]]

 [[1. 1. 1. 0. 0.]]

 [[0. 0. 0. 1. 1.]]], shape=(3, 1, 5), dtype=float32)
2024-05-19 18:49:09,119 - appLog - INFO - tf.Tensor(
[[[1. 0. 0.]
  [1. 1. 0.]
  [1. 1. 1.]]], shape=(1, 3, 3), dtype=float32)
2024-05-19 18:49:09,135 - appLog - INFO - ----------- Encoder -----------
2024-05-19 18:49:10,655 - appLog - INFO - (43, 27, 512)
2024-05-19 18:49:13,669 - appLog - INFO - (43, 27, 512)
2024-05-19 18:49:13,685 - appLog - INFO - ----------- Decoder -----------
2024-05-19 18:49:14,806 - appLog - INFO - (43, 57, 512)
2024-05-19 18:49:20,807 - appLog - INFO - (43, 57, 512)
2024-05-19 18:49:20,807 - appLog - INFO - ----------- TransFormer -----------
2024-05-19 18:49:24,098 - appLog - INFO - (3, 29, 11)
2024-05-19 18:49:51,213 - appLog - INFO - 
@@@@@@@@@@@@@@@@@@@@@@@@@@@@@@@@@@@@@@@@@@@@@@@@@@@@@@@@@@@@@@@@@@@@@@@@@@@@@@@@@@@@@@@@@@@@@@@@@@@@@@@@@@@@@@@@@@@@@@@@@@@@@@@@@@@@@

                                              This function is to Debug

2024-05-19 18:49:52,534 - appLog - INFO - ----------- Single head attention -----------
2024-05-19 18:49:52,541 - appLog - INFO - Shape of Query: (16, 9, 64), Key: (16, 9, 64) & Value: (16, 9, 128)
2024-05-19 18:49:52,549 - appLog - INFO - Shape of Attention: (16, 9, 128)
2024-05-19 18:49:52,549 - appLog - INFO - ----------- Multi head attention -----------
2024-05-19 18:49:52,613 - appLog - INFO - Number of heads:8, embedding dimension:512, depth of Query:64, Key:64 and Value:32
2024-05-19 18:49:52,661 - appLog - INFO - Shape of Multi Head Attention: (16, 9, 512)
2024-05-19 18:49:52,661 - appLog - INFO - ----------- Pointwise FNN -----------
2024-05-19 18:49:52,669 - appLog - INFO - Embedding Dimension:64,Hidden Layer Dimension:2048
2024-05-19 18:49:52,837 - appLog - INFO - With Batch Size:16 and Tv :9; FNN_Layer output:(16, 9, 64)
2024-05-19 18:49:52,837 - appLog - INFO - ----------- Positional Encoding -----------
2024-05-19 18:50:02,586 - appLog - INFO - Positional Encoding (1, 50, 512) with 50 Positions & Depth:512
2024-05-19 18:50:02,658 - appLog - INFO - ----------- Padding mask -----------
2024-05-19 18:50:02,722 - appLog - INFO - tf.Tensor(
[[[1. 1. 0. 0. 1.]]

 [[1. 1. 1. 0. 0.]]

 [[0. 0. 0. 1. 1.]]], shape=(3, 1, 5), dtype=float32)
2024-05-19 18:50:02,762 - appLog - INFO - tf.Tensor(
[[[1. 0. 0.]
  [1. 1. 0.]
  [1. 1. 1.]]], shape=(1, 3, 3), dtype=float32)
2024-05-19 18:50:02,770 - appLog - INFO - ----------- Encoder -----------
2024-05-19 18:50:03,470 - appLog - INFO - (43, 27, 512)
2024-05-19 18:50:06,434 - appLog - INFO - (43, 27, 512)
2024-05-19 18:50:06,450 - appLog - INFO - ----------- Decoder -----------
2024-05-19 18:50:07,532 - appLog - INFO - (43, 57, 512)
2024-05-19 18:50:13,471 - appLog - INFO - (43, 57, 512)
2024-05-19 18:50:13,487 - appLog - INFO - ----------- TransFormer -----------
2024-05-19 18:50:16,633 - appLog - INFO - (3, 29, 11)
2024-05-19 18:51:16,738 - appLog - INFO - 
@@@@@@@@@@@@@@@@@@@@@@@@@@@@@@@@@@@@@@@@@@@@@@@@@@@@@@@@@@@@@@@@@@@@@@@@@@@@@@@@@@@@@@@@@@@@@@@@@@@@@@@@@@@@@@@@@@@@@@@@@@@@@@@@@@@@@

                                              This function is to Debug

2024-05-19 18:51:37,012 - appLog - INFO - ----------- Single head attention -----------
2024-05-19 18:51:37,022 - appLog - INFO - Shape of Query: (16, 9, 64), Key: (16, 9, 64) & Value: (16, 9, 128)
2024-05-19 18:51:37,022 - appLog - INFO - Shape of Attention: (16, 9, 128)
2024-05-19 18:51:37,030 - appLog - INFO - ----------- Multi head attention -----------
2024-05-19 18:51:37,086 - appLog - INFO - Number of heads:8, embedding dimension:512, depth of Query:64, Key:64 and Value:32
2024-05-19 18:51:37,142 - appLog - INFO - Shape of Multi Head Attention: (16, 9, 512)
2024-05-19 18:51:37,142 - appLog - INFO - ----------- Pointwise FNN -----------
2024-05-19 18:51:37,142 - appLog - INFO - Embedding Dimension:64,Hidden Layer Dimension:2048
2024-05-19 18:51:37,302 - appLog - INFO - With Batch Size:16 and Tv :9; FNN_Layer output:(16, 9, 64)
2024-05-19 18:51:37,310 - appLog - INFO - ----------- Positional Encoding -----------
2024-05-19 18:51:40,010 - appLog - INFO - Positional Encoding (1, 50, 512) with 50 Positions & Depth:512
2024-05-19 18:51:40,074 - appLog - INFO - ----------- Padding mask -----------
2024-05-19 18:51:40,122 - appLog - INFO - tf.Tensor(
[[[1. 1. 0. 0. 1.]]

 [[1. 1. 1. 0. 0.]]

 [[0. 0. 0. 1. 1.]]], shape=(3, 1, 5), dtype=float32)
2024-05-19 18:51:40,170 - appLog - INFO - tf.Tensor(
[[[1. 0. 0.]
  [1. 1. 0.]
  [1. 1. 1.]]], shape=(1, 3, 3), dtype=float32)
2024-05-19 18:51:40,178 - appLog - INFO - ----------- Encoder -----------
2024-05-19 18:51:40,988 - appLog - INFO - (43, 27, 512)
2024-05-19 18:51:43,965 - appLog - INFO - (43, 27, 512)
2024-05-19 18:51:43,965 - appLog - INFO - ----------- Decoder -----------
2024-05-19 18:51:45,104 - appLog - INFO - (43, 57, 512)
2024-05-19 18:51:51,300 - appLog - INFO - (43, 57, 512)
2024-05-19 18:51:51,300 - appLog - INFO - ----------- TransFormer -----------
2024-05-19 18:51:54,612 - appLog - INFO - (3, 29, 11)
2024-05-19 18:52:08,366 - appLog - INFO - 
@@@@@@@@@@@@@@@@@@@@@@@@@@@@@@@@@@@@@@@@@@@@@@@@@@@@@@@@@@@@@@@@@@@@@@@@@@@@@@@@@@@@@@@@@@@@@@@@@@@@@@@@@@@@@@@@@@@@@@@@@@@@@@@@@@@@@

                                              This function is to Debug

2024-05-19 18:52:29,164 - appLog - INFO - ----------- Single head attention -----------
2024-05-19 18:52:29,172 - appLog - INFO - Shape of Query: (16, 9, 64), Key: (16, 9, 64) & Value: (16, 9, 128)
2024-05-19 18:52:29,180 - appLog - INFO - Shape of Attention: (16, 9, 128)
2024-05-19 18:52:29,180 - appLog - INFO - ----------- Multi head attention -----------
2024-05-19 18:52:29,244 - appLog - INFO - Number of heads:8, embedding dimension:512, depth of Query:64, Key:64 and Value:32
2024-05-19 18:52:29,300 - appLog - INFO - Shape of Multi Head Attention: (16, 9, 512)
2024-05-19 18:52:29,300 - appLog - INFO - ----------- Pointwise FNN -----------
2024-05-19 18:52:29,308 - appLog - INFO - Embedding Dimension:64,Hidden Layer Dimension:2048
2024-05-19 18:52:29,468 - appLog - INFO - With Batch Size:16 and Tv :9; FNN_Layer output:(16, 9, 64)
2024-05-19 18:52:29,468 - appLog - INFO - ----------- Positional Encoding -----------
2024-05-19 18:52:32,542 - appLog - INFO - Positional Encoding (1, 50, 512) with 50 Positions & Depth:512
2024-05-19 18:52:32,558 - appLog - INFO - ----------- Padding mask -----------
2024-05-19 18:52:32,603 - appLog - INFO - tf.Tensor(
[[[1. 1. 0. 0. 1.]]

 [[1. 1. 1. 0. 0.]]

 [[0. 0. 0. 1. 1.]]], shape=(3, 1, 5), dtype=float32)
2024-05-19 18:52:32,667 - appLog - INFO - tf.Tensor(
[[[1. 0. 0.]
  [1. 1. 0.]
  [1. 1. 1.]]], shape=(1, 3, 3), dtype=float32)
2024-05-19 18:52:32,675 - appLog - INFO - ----------- Encoder -----------
2024-05-19 18:52:33,490 - appLog - INFO - (43, 27, 512)
2024-05-19 18:52:36,346 - appLog - INFO - (43, 27, 512)
2024-05-19 18:52:36,346 - appLog - INFO - ----------- Decoder -----------
2024-05-19 18:52:37,445 - appLog - INFO - (43, 57, 512)
2024-05-19 18:52:43,670 - appLog - INFO - (43, 57, 512)
2024-05-19 18:52:43,670 - appLog - INFO - ----------- TransFormer -----------
2024-05-19 18:52:46,887 - appLog - INFO - (3, 29, 11)
2024-05-20 00:14:22,899 - appLog - INFO - (3, 29, 11)
